
-------------------------------------------------------------------------------
-------------------------------------------------------------------------------
-------------------------------------------------------------------------------
   ROBOCOPY     ::     Robust File Copy for Windows                              
 ROBOCOPY     ::     Robust File Copy for Windows                              
-------------------------------------------------------------------------------
-------------------------------------------------------------------------------

  Started : Sunday, 13 July 2025 10:27:20
   Source : C:\projects\test\C:\projects\test\
     Dest = D:\    Dest = F:\


    Files : *.*
	    
*
	    

  Options :   Options : *.* /NDL /NFL /S /E /DCOPY:DA /COPY:DAT /PURGE /MIR /NP /R:1 /W:1 

------------------------------------------------------------------------------


------------------------------------------------------------------------------

               Total    Copied   Skipped  Mismatch    FAILED    Extras
    Dirs :         1         0         1         0         0         1
   Files :         1         0         1         0         0         0
   Bytes :         0         0         0         0         0         0
   Times :   0:00:00   0:00:00                       0:00:00   0:00:00
   Ended : Sunday, 13 July 2025 10:27:20


	*EXTRA Dir        -1	D:\sync\
	  *EXTRA File 		       0	D:\sync\Successful.txt

------------------------------------------------------------------------------

               Total    Copied   Skipped  Mismatch    FAILED    Extras
    Dirs :         1         0         1         0         0         1
   Files :         1         1         0         0         0         0
   Bytes :         0         0         0         0         0         0
   Times :   0:00:00   0:00:00                       0:00:00   0:00:00
   Ended : Sunday, 13 July 2025 10:27:20


	  *EXTRA File 		    1662	D:\USB Script.bat

------------------------------------------------------------------------------

               Total    Copied   Skipped  Mismatch    FAILED    Extras
    Dirs :         1         0         1         0         0         2
   Files :         1         1         0         0         0         2
   Bytes :         0         0         0         0         0     1.6 k
   Times :   0:00:00   0:00:00                       0:00:00   0:00:00
   Ended : Sunday, 13 July 2025 10:27:20


-------------------------------------------------------------------------------
   ROBOCOPY     ::     Robust File Copy for Windows                              
-------------------------------------------------------------------------------

  Started : Sunday, 13 July 2025 10:27:39
   Source : C:\projects\test\
     Dest = D:\

    Files : *.*
	    
  Options : *.* /NDL /NFL /S /E /DCOPY:DA /COPY:DAT /PURGE /MIR /NP /R:1 /W:1 

------------------------------------------------------------------------------


------------------------------------------------------------------------------

               Total    Copied   Skipped  Mismatch    FAILED    Extras
    Dirs :         1         0         1         0         0         1
   Files :         1         0         1         0         0         0
   Bytes :         0         0         0         0         0         0
   Times :   0:00:00   0:00:00                       0:00:00   0:00:00
   Ended : Sunday, 13 July 2025 10:27:39



-------------------------------------------------------------------------------
-------------------------------------------------------------------------------
   ROBOCOPY     ::     Robust File Copy for Windows                              -------------------------------------------------------------------------------

-------------------------------------------------------------------------------
   ROBOCOPY     ::     Robust File Copy for Windows                              

--------------------------------------------------------------------------------------------------------------------------

  Started : Sunday, 13 July 2025 10:28:14
  Started : Sunday, 13 July 2025 10:28:14
   Source : C:\projects\test\
     Dest = F:\

    Files : *.*
	    
  Options : : 
   Source : C:\projects\test\*.* /NDL /NFL /S /E /DCOPY:DA /COPY:DAT /PURGE /MIR /NP /R:1 /W:1 

     Dest = st\
     Dest = ------------------------------------------------------------------
D:\projects\test\
    Files : E:\*.*
	    
    Files : *.*
	    : 
    Files : *.  Options : L /S /E /DCOPY:DA /COPY:DAT /PURGE /MIR /NP /R:1 /W:1 

  Options : 
------------------------------------------------------------------------------
*.* /NDL /NFL /S /E /DCOPY:DA /COPY:DAT /PURGE /MIR /NP /R:1 /W:1 
*.* /NDL /NFL /S /E /DCOPY:DA /COPY:DAT /PURGE /MIR /NP /R:1 /W:1 

------------------------------------------------------------------------------

------------------------------------------------------------------------------


------------------------------------------------------------------------------

               Total    Copied   Skipped  Mismatch    FAILED    Extras
    Dirs :         1         0         1         0         0         1
   Files :         1         0         1         0         0         0
   Bytes :         0         0         0         0         0         0

   Times :   0:00:00   0:00:00                       0:00:00   0:00:00
------------------------------------------------------------------------------

   Ended : Sunday, 13 July 2025 10:28:14

----------------------------------------------------------------------------
               Total    Copied   Skipped  Mismatch    FAILED    Extras
               Total    Copied   Skipped  Mismatch    FAILED    Extras
  Dirs :         1         0         1         0         0         1    Dirs :         1         0         1         0         0         1
   Files :         1         0         1         0         0         0   Files :         1         0         1         0         0         0
   Bytes :         0         0         0         0         0         0
   Times :   0:00:00   0:00:00                       0:00:00   0:00:00
   Ended : Sunday, 13 July 2025 10:28:14

   Times :   0:00:00   0:00:00                       0:00:00   0:00:00
   Ended : Sunday, 13 July 2025 10:28:14



------------------------------------------------------------------------------

               Total    Copied   Skipped  Mismatch    FAILED    Extras
    Dirs :         1         0         1         0         0         1
   Files :         1         1         0         0         0         0
   Bytes :         0         0         0         0         0         0
   Times :   0:00:00   0:00:00                       0:00:00   0:00:00
   Ended : Sunday, 13 July 2025 10:28:14


-------------------------------------------------------------------------------
   ROBOCOPY     ::     Robust File Copy for Windows                                   ROBOCOPY     ::     Robust File Copy for Windows                              -------------------------------------------------------------------------------
-------------------------------------------------------------------------------

  Started : Sunday, 13 July 2025 10:36:33
  Started : Sunday, 13 July 2025 10:36:33
   Source : 
   Source : C:\projects\test\C:\projects\test\C:\projects\test\
     Dest = H:\    Dest = E:\D:\

    Files : 
*.*
	    s : 
    Files : 
*
	    
  Options : *.* /NDL /NFL /S /E /DCOPY:DA /COPY:DAT /PURGE /MIR /NP /R:1 /W:1 
*.* /NDL /NFL /S /E /DCOPY:DA /COPY:DAT /PURGE /MIR /NP /R:1 /W:1 

------------------------------------------------------------------------------

------------------------------------------------------------------------------

------------------------------------------------------------------------------

-------------------------------------------------------------------------------
   ROBOCOPY     ::     Robust File Copy for Windows                              
-------------------------------------------------------------------------------

  Started : Sunday, 13 July 2025 10:36:33
   Source : C:\projects\test\
     Dest = F:\

    Files : *.*
	    
  Options : *.* /NDL /NFL /S /E /DCOPY:DA /COPY:DAT /PURGE /MIR /NP /R:1 /W:1 

------------------------------------------------------------------------------


------------------------------------------------------------------------------


------------------------------------------------------------------------------

             Total    Copied   Skipped  Mismatch    FAILED    Extras
------------------------------------------------------------------------------

    Dirs :         1         0         1         0         0         1    Dirs :         1         0         1         0         0         1
               Total    Copied   Skipped  Mismatch    FAILED    Extras
 Files :         2         0         2         0         0         0

    Dirs :         1         0         1         0         0         1   Files :         2         0         2         0         0         0

   Files :         2         0         2         0         0         0   Times :   0:00:00   0:00:00                       0:00:00   0:00:00
   Bytes :         0         0         0         0         0         0
   Ended : Sunday, 13 July 2025 10:36:33
     Times :   0:00:00   0:00:00                       0:00:00   0:00:


   Ended : Sunday, 13 July 2025 10:36:33
 Times :   0:00:00   0:00:00                       0:00:00   0:00:00
------------------------------------------------------------------------------


   Ended : Sunday, 13 July 2025 10:36:33
               Total    Copied   Skipped  Mismatch    FAILED    Extras
    Dirs :         1         0         1         0         0         1
   Files :         2         0         2         0         0         0
   Bytes :         0         0         0         0         0         0
   Times :   0:00:00   0:00:00                       0:00:00   0:00:00
   Ended : Sunday, 13 July 2025 10:36:33


-------------------------------------------------------------------------------
   ROBOCOPY     ::     Robust File Copy for Windows                              
-------------------------------------------------------------------------------

  Started : Sunday, 13 July 2025 10:55:58
   Source : C:\projects\test\
     Dest = H:\

    Files : *.*
	    
  Options : *.* /NDL /NFL /S /E /DCOPY:DA /COPY:DAT /PURGE /MIR /NP /R:1 /W:1 

------------------------------------------------------------------------------


------------------------------------------------------------------------------

               Total    Copied   Skipped  Mismatch    FAILED    Extras
    Dirs :         1         0         1         0         0         1
   Files :         2         0         2         0         0         0
   Bytes :         0         0         0         0         0         0
   Times :   0:00:00   0:00:00                       0:00:00   0:00:00
   Ended : Sunday, 13 July 2025 10:55:58


-------------------------------------------------------------------------------
   ROBOCOPY     ::     Robust File Copy for Windows                              
-------------------------------------------------------------------------------

  Started : Sunday, 13 July 2025 10:56:02
   Source : C:\projects\test\
     Dest = D:\

    Files : *.*
	    
  Options : *.* /NDL /NFL /S /E /DCOPY:DA /COPY:DAT /PURGE /MIR /NP /R:1 /W:1 

------------------------------------------------------------------------------


------------------------------------------------------------------------------

               Total    Copied   Skipped  Mismatch    FAILED    Extras
    Dirs :         1         0         1         0         0         1
   Files :         2         0         2         0         0         0
   Bytes :         0         0         0         0         0         0
   Times :   0:00:00   0:00:00                       0:00:00   0:00:00
   Ended : Sunday, 13 July 2025 10:56:02


-------------------------------------------------------------------------------
-------------------------------------------------------------------------------
-------------------------------------------------------------------------------
   ROBOCOPY     ::     Robust File Copy for Windows                                 ROBOCOPY     ::     Robust File Copy for Windows                              
 ROBOCOPY     ::     Robust File Copy for Windows                              

-------------------------------------------------------------------------------
-------------------------------------------------------------------------------
-------------------------------------------------------------------------------

  Started : Sunday, 13 July 2025 10:57:41
  Started : Sunday, 13 July 2025 10:57:41
  Started : Sunday, 13 July 2025 10:57:41
   Source : 
   Source : C:\projects\test\
   Source : st\
     Dest = 
     Dest = F:\projects\test\
     Dest = 
D:\
    Files : 
*
	    
*
	    

  Files : 
    Files : *.*
	    : *.*
	    : *.* /NDL /NFL /S /E /DCOPY:DA /COPY:DAT /PURGE /MIR /NP /R:1 /W:1 


Options : --------------------------------------------------------------------
  Options : --------------------------------------------------------------------
*.* /NDL /NFL /S /E /DCOPY:DA /COPY:DAT /PURGE /MIR /NP /R:1 /W:1 

------------------------------------------------------------------------------

------------------------------------------------------------------------------


------------------------------------------------------------------------------

------------------------------------------------------------------------------


------------------------------------------------------------------------------
               Total    Copied   Skipped  Mismatch    FAILED    Extras


             Total    Copied   Skipped  Mismatch    FAILED    Extras    Dirs :         1         0         1         0         0         1
             Total    Copied   Skipped  Mismatch    FAILED    Extras
             Total    Copied   Skipped  Mismatch    FAILED    Extras
  Dirs :         1         0         1         0         0         1    Dirs :         1         0         1         0         0         1
    Dirs :         1         0         1         0         0         1   Bytes :         0         0         0         0         0         0
 Files :         2         0         2         0         0         0
   Files :         2         0         2         0         0         0   Times :   0:00:00   0:00:00                       0:00:00   0:00:00   Bytes :         0         0         0         0         0         0   Bytes :         0         0         0         0         0         0
  
   Ended : Sunday, 13 July 2025 10:57:41           0:00:00   0:00:00
   Ended : Sunday, 13 July 2025 10:57:41



